<?xml version="1.0" encoding="UTF-8"?>
<testsuite xmlns:xsi="http://www.w3.org/2001/XMLSchema-instance" xsi:noNamespaceSchemaLocation="https://maven.apache.org/surefire/maven-failsafe-plugin/xsd/failsafe-test-report-3.0.xsd" version="3.0" name="org.mybatis.jpetstore.ScreenTransitionIT" time="37.551" tests="10" errors="0" skipped="0" failures="10">
  <properties>
[...]
</properties>
  <testcase name="testOrder" classname="org.mybatis.jpetstore.ScreenTransitionIT" time="5.824">
    <failure message="&#10;expected: &quot;JPetStore Demo&quot;&#10; but was: &quot;Sign in - Jenkins&quot;" type="org.opentest4j.AssertionFailedError"><![CDATA[org.opentest4j.AssertionFailedError: 

expected: "JPetStore Demo"
 but was: "Sign in - Jenkins"
	at java.base/jdk.internal.reflect.NativeConstructorAccessorImpl.newInstance0(Native Method)
	at java.base/jdk.internal.reflect.NativeConstructorAccessorImpl.newInstance(NativeConstructorAccessorImpl.java:77)
	at java.base/jdk.internal.reflect.DelegatingConstructorAccessorImpl.newInstance(DelegatingConstructorAccessorImpl.java:45)
	at java.base/java.lang.reflect.Constructor.newInstanceWithCaller(Constructor.java:500)
	at org.mybatis.jpetstore.ScreenTransitionIT.testOrder(ScreenTransitionIT.java:75)
	at java.base/java.lang.reflect.Method.invoke(Method.java:569)
	at java.base/java.util.ArrayList.forEach(ArrayList.java:1511)
	at java.base/java.util.ArrayList.forEach(ArrayList.java:1511)
]]></failure>
    <system-err><![CDATA[[main] INFO com.codeborne.selenide.impl.WebDriverThreadLocalContainer - No webdriver is bound to current thread: 1 - let's create a new webdriver
[main] INFO com.codeborne.selenide.impl.FileHelper - Creating folder: /home/pc/MockProject-demo/BVMockProject-demo/JPetStore/build/downloads/1752166971092_91673_1
[main] INFO com.codeborne.selenide.webdriver.SelenideNettyClientFactory - Changed readTimeout from PT3M to PT1M30S
[main] INFO com.codeborne.selenide.webdriver.SelenideNettyClientFactory - Changed readTimeout from PT3M to PT1M30S
Jul 10, 2025 10:32:53 PM org.openqa.selenium.devtools.CdpVersionFinder findNearestMatch
WARNING: Unable to find CDP implementation matching 138
Jul 10, 2025 10:32:53 PM org.openqa.selenium.chromium.ChromiumDriver lambda$new$5
WARNING: Unable to find version of CDP to use for 138.0.7204.100. You may need to include a dependency on a specific version of the CDP using something similar to `org.seleniumhq.selenium:selenium-devtools-v86:4.12.0` where the version ("v86") matches the version of the chromium-based browser you're using and the version number of the artifact is the same as Selenium's.
[main] INFO com.codeborne.selenide.webdriver.WebDriverFactory - BrowserName=chrome Version=138.0.7204.100 Platform=linux
[main] INFO com.codeborne.selenide.webdriver.WebDriverFactory - Selenide v. 6.17.2
[main] INFO com.codeborne.selenide.webdriver.WebDriverFactory - Selenium WebDriver v. 4.12.0 build revision: 249f2a7d1b*
[main] INFO com.codeborne.selenide.drivercommands.CreateDriverCommand - Created webdriver in thread 1: ChromeDriver -> ChromeDriver: chrome on linux (0cfc17dc5169445558523e7be4ce400b)
[main] INFO com.codeborne.selenide.drivercommands.DisposablesRegistry - Register WebDriverInstance[config=StaticConfig,webDriver=ChromeDriver: chrome on linux (0cfc17dc5169445558523e7be4ce400b),proxy=null,downloadsFolder=/home/pc/MockProject-demo/BVMockProject-demo/JPetStore/build/downloads/1752166971092_91673_1] in 1 [size=1]
[main] INFO com.codeborne.selenide.drivercommands.DisposablesRegistry - Add shutdown hook in 1 [size=1]
[main] INFO com.codeborne.selenide.junit5.ScreenShooterExtension - Screenshot: file:/home/pc/MockProject-demo/BVMockProject-demo/JPetStore/build/reports/tests/org/mybatis/jpetstore/ScreenTransitionIT/testOrder/1752166976392.0.png
Page source: file:/home/pc/MockProject-demo/BVMockProject-demo/JPetStore/build/reports/tests/org/mybatis/jpetstore/ScreenTransitionIT/testOrder/1752166976392.0.html
]]></system-err>
  </testcase>
  <testcase name="testRegistrationUser" classname="org.mybatis.jpetstore.ScreenTransitionIT" time="3.565">
    <failure message="&#10;expected: &quot;JPetStore Demo&quot;&#10; but was: &quot;Sign in - Jenkins&quot;" type="org.opentest4j.AssertionFailedError"><![CDATA[org.opentest4j.AssertionFailedError: 

expected: "JPetStore Demo"
 but was: "Sign in - Jenkins"
	at java.base/jdk.internal.reflect.NativeConstructorAccessorImpl.newInstance0(Native Method)
	at java.base/jdk.internal.reflect.NativeConstructorAccessorImpl.newInstance(NativeConstructorAccessorImpl.java:77)
	at java.base/jdk.internal.reflect.DelegatingConstructorAccessorImpl.newInstance(DelegatingConstructorAccessorImpl.java:45)
	at java.base/java.lang.reflect.Constructor.newInstanceWithCaller(Constructor.java:500)
	at org.mybatis.jpetstore.ScreenTransitionIT.testRegistrationUser(ScreenTransitionIT.java:190)
	at java.base/java.lang.reflect.Method.invoke(Method.java:569)
	at java.base/java.util.ArrayList.forEach(ArrayList.java:1511)
	at java.base/java.util.ArrayList.forEach(ArrayList.java:1511)
]]></failure>
    <system-err><![CDATA[[main] INFO com.codeborne.selenide.junit5.ScreenShooterExtension - Screenshot: file:/home/pc/MockProject-demo/BVMockProject-demo/JPetStore/build/reports/tests/org/mybatis/jpetstore/ScreenTransitionIT/testRegistrationUser/1752166979982.1.png
Page source: file:/home/pc/MockProject-demo/BVMockProject-demo/JPetStore/build/reports/tests/org/mybatis/jpetstore/ScreenTransitionIT/testRegistrationUser/1752166979982.1.html
]]></system-err>
  </testcase>
  <testcase name="testLogoContent" classname="org.mybatis.jpetstore.ScreenTransitionIT" time="3.533">
    <failure message="&#10;expected: &quot;JPetStore Demo&quot;&#10; but was: &quot;Sign in - Jenkins&quot;" type="org.opentest4j.AssertionFailedError"><![CDATA[org.opentest4j.AssertionFailedError: 

expected: "JPetStore Demo"
 but was: "Sign in - Jenkins"
	at java.base/jdk.internal.reflect.NativeConstructorAccessorImpl.newInstance0(Native Method)
	at java.base/jdk.internal.reflect.NativeConstructorAccessorImpl.newInstance(NativeConstructorAccessorImpl.java:77)
	at java.base/jdk.internal.reflect.DelegatingConstructorAccessorImpl.newInstance(DelegatingConstructorAccessorImpl.java:45)
	at java.base/java.lang.reflect.Constructor.newInstanceWithCaller(Constructor.java:500)
	at org.mybatis.jpetstore.ScreenTransitionIT.testLogoContent(ScreenTransitionIT.java:417)
	at java.base/java.lang.reflect.Method.invoke(Method.java:569)
	at java.base/java.util.ArrayList.forEach(ArrayList.java:1511)
	at java.base/java.util.ArrayList.forEach(ArrayList.java:1511)
]]></failure>
    <system-err><![CDATA[[main] INFO com.codeborne.selenide.junit5.ScreenShooterExtension - Screenshot: file:/home/pc/MockProject-demo/BVMockProject-demo/JPetStore/build/reports/tests/org/mybatis/jpetstore/ScreenTransitionIT/testLogoContent/1752166983501.2.png
Page source: file:/home/pc/MockProject-demo/BVMockProject-demo/JPetStore/build/reports/tests/org/mybatis/jpetstore/ScreenTransitionIT/testLogoContent/1752166983501.2.html
]]></system-err>
  </testcase>
  <testcase name="testSelectItems" classname="org.mybatis.jpetstore.ScreenTransitionIT" time="3.535">
    <failure message="&#10;expected: &quot;JPetStore Demo&quot;&#10; but was: &quot;Sign in - Jenkins&quot;" type="org.opentest4j.AssertionFailedError"><![CDATA[org.opentest4j.AssertionFailedError: 

expected: "JPetStore Demo"
 but was: "Sign in - Jenkins"
	at java.base/jdk.internal.reflect.NativeConstructorAccessorImpl.newInstance0(Native Method)
	at java.base/jdk.internal.reflect.NativeConstructorAccessorImpl.newInstance(NativeConstructorAccessorImpl.java:77)
	at java.base/jdk.internal.reflect.DelegatingConstructorAccessorImpl.newInstance(DelegatingConstructorAccessorImpl.java:45)
	at java.base/java.lang.reflect.Constructor.newInstanceWithCaller(Constructor.java:500)
	at org.mybatis.jpetstore.ScreenTransitionIT.testSelectItems(ScreenTransitionIT.java:239)
	at java.base/java.lang.reflect.Method.invoke(Method.java:569)
	at java.base/java.util.ArrayList.forEach(ArrayList.java:1511)
	at java.base/java.util.ArrayList.forEach(ArrayList.java:1511)
]]></failure>
    <system-err><![CDATA[[main] INFO com.codeborne.selenide.junit5.ScreenShooterExtension - Screenshot: file:/home/pc/MockProject-demo/BVMockProject-demo/JPetStore/build/reports/tests/org/mybatis/jpetstore/ScreenTransitionIT/testSelectItems/1752166987084.3.png
Page source: file:/home/pc/MockProject-demo/BVMockProject-demo/JPetStore/build/reports/tests/org/mybatis/jpetstore/ScreenTransitionIT/testSelectItems/1752166987084.3.html
]]></system-err>
  </testcase>
  <testcase name="testUpdateProfile" classname="org.mybatis.jpetstore.ScreenTransitionIT" time="3.502">
    <failure message="&#10;expected: &quot;JPetStore Demo&quot;&#10; but was: &quot;Sign in - Jenkins&quot;" type="org.opentest4j.AssertionFailedError"><![CDATA[org.opentest4j.AssertionFailedError: 

expected: "JPetStore Demo"
 but was: "Sign in - Jenkins"
	at java.base/jdk.internal.reflect.NativeConstructorAccessorImpl.newInstance0(Native Method)
	at java.base/jdk.internal.reflect.NativeConstructorAccessorImpl.newInstance(NativeConstructorAccessorImpl.java:77)
	at java.base/jdk.internal.reflect.DelegatingConstructorAccessorImpl.newInstance(DelegatingConstructorAccessorImpl.java:45)
	at java.base/java.lang.reflect.Constructor.newInstanceWithCaller(Constructor.java:500)
	at org.mybatis.jpetstore.ScreenTransitionIT.testUpdateProfile(ScreenTransitionIT.java:160)
	at java.base/java.lang.reflect.Method.invoke(Method.java:569)
	at java.base/java.util.ArrayList.forEach(ArrayList.java:1511)
	at java.base/java.util.ArrayList.forEach(ArrayList.java:1511)
]]></failure>
    <system-err><![CDATA[[main] INFO com.codeborne.selenide.junit5.ScreenShooterExtension - Screenshot: file:/home/pc/MockProject-demo/BVMockProject-demo/JPetStore/build/reports/tests/org/mybatis/jpetstore/ScreenTransitionIT/testUpdateProfile/1752166990604.4.png
Page source: file:/home/pc/MockProject-demo/BVMockProject-demo/JPetStore/build/reports/tests/org/mybatis/jpetstore/ScreenTransitionIT/testUpdateProfile/1752166990604.4.html
]]></system-err>
  </testcase>
  <testcase name="testMainImageContentOnTopPage" classname="org.mybatis.jpetstore.ScreenTransitionIT" time="3.608">
    <failure message="&#10;expected: &quot;JPetStore Demo&quot;&#10; but was: &quot;Sign in - Jenkins&quot;" type="org.opentest4j.AssertionFailedError"><![CDATA[org.opentest4j.AssertionFailedError: 

expected: "JPetStore Demo"
 but was: "Sign in - Jenkins"
	at java.base/jdk.internal.reflect.NativeConstructorAccessorImpl.newInstance0(Native Method)
	at java.base/jdk.internal.reflect.NativeConstructorAccessorImpl.newInstance(NativeConstructorAccessorImpl.java:77)
	at java.base/jdk.internal.reflect.DelegatingConstructorAccessorImpl.newInstance(DelegatingConstructorAccessorImpl.java:45)
	at java.base/java.lang.reflect.Constructor.newInstanceWithCaller(Constructor.java:500)
	at org.mybatis.jpetstore.ScreenTransitionIT.testMainImageContentOnTopPage(ScreenTransitionIT.java:376)
	at java.base/java.lang.reflect.Method.invoke(Method.java:569)
	at java.base/java.util.ArrayList.forEach(ArrayList.java:1511)
	at java.base/java.util.ArrayList.forEach(ArrayList.java:1511)
]]></failure>
    <system-err><![CDATA[[main] INFO com.codeborne.selenide.junit5.ScreenShooterExtension - Screenshot: file:/home/pc/MockProject-demo/BVMockProject-demo/JPetStore/build/reports/tests/org/mybatis/jpetstore/ScreenTransitionIT/testMainImageContentOnTopPage/1752166994126.5.png
Page source: file:/home/pc/MockProject-demo/BVMockProject-demo/JPetStore/build/reports/tests/org/mybatis/jpetstore/ScreenTransitionIT/testMainImageContentOnTopPage/1752166994126.5.html
]]></system-err>
  </testcase>
  <testcase name="testQuickLinks" classname="org.mybatis.jpetstore.ScreenTransitionIT" time="3.532">
    <failure message="&#10;expected: &quot;JPetStore Demo&quot;&#10; but was: &quot;Sign in - Jenkins&quot;" type="org.opentest4j.AssertionFailedError"><![CDATA[org.opentest4j.AssertionFailedError: 

expected: "JPetStore Demo"
 but was: "Sign in - Jenkins"
	at java.base/jdk.internal.reflect.NativeConstructorAccessorImpl.newInstance0(Native Method)
	at java.base/jdk.internal.reflect.NativeConstructorAccessorImpl.newInstance(NativeConstructorAccessorImpl.java:77)
	at java.base/jdk.internal.reflect.DelegatingConstructorAccessorImpl.newInstance(DelegatingConstructorAccessorImpl.java:45)
	at java.base/java.lang.reflect.Constructor.newInstanceWithCaller(Constructor.java:500)
	at org.mybatis.jpetstore.ScreenTransitionIT.testQuickLinks(ScreenTransitionIT.java:345)
	at java.base/java.lang.reflect.Method.invoke(Method.java:569)
	at java.base/java.util.ArrayList.forEach(ArrayList.java:1511)
	at java.base/java.util.ArrayList.forEach(ArrayList.java:1511)
]]></failure>
    <system-err><![CDATA[[main] INFO com.codeborne.selenide.junit5.ScreenShooterExtension - Screenshot: file:/home/pc/MockProject-demo/BVMockProject-demo/JPetStore/build/reports/tests/org/mybatis/jpetstore/ScreenTransitionIT/testQuickLinks/1752166997711.6.png
Page source: file:/home/pc/MockProject-demo/BVMockProject-demo/JPetStore/build/reports/tests/org/mybatis/jpetstore/ScreenTransitionIT/testQuickLinks/1752166997711.6.html
]]></system-err>
  </testcase>
  <testcase name="testSidebarContentOnTopPage" classname="org.mybatis.jpetstore.ScreenTransitionIT" time="3.475">
    <failure message="&#10;expected: &quot;JPetStore Demo&quot;&#10; but was: &quot;Sign in - Jenkins&quot;" type="org.opentest4j.AssertionFailedError"><![CDATA[org.opentest4j.AssertionFailedError: 

expected: "JPetStore Demo"
 but was: "Sign in - Jenkins"
	at java.base/jdk.internal.reflect.NativeConstructorAccessorImpl.newInstance0(Native Method)
	at java.base/jdk.internal.reflect.NativeConstructorAccessorImpl.newInstance(NativeConstructorAccessorImpl.java:77)
	at java.base/jdk.internal.reflect.DelegatingConstructorAccessorImpl.newInstance(DelegatingConstructorAccessorImpl.java:45)
	at java.base/java.lang.reflect.Constructor.newInstanceWithCaller(Constructor.java:500)
	at org.mybatis.jpetstore.ScreenTransitionIT.testSidebarContentOnTopPage(ScreenTransitionIT.java:309)
	at java.base/java.lang.reflect.Method.invoke(Method.java:569)
	at java.base/java.util.ArrayList.forEach(ArrayList.java:1511)
	at java.base/java.util.ArrayList.forEach(ArrayList.java:1511)
]]></failure>
    <system-err><![CDATA[[main] INFO com.codeborne.selenide.junit5.ScreenShooterExtension - Screenshot: file:/home/pc/MockProject-demo/BVMockProject-demo/JPetStore/build/reports/tests/org/mybatis/jpetstore/ScreenTransitionIT/testSidebarContentOnTopPage/1752167001230.7.png
Page source: file:/home/pc/MockProject-demo/BVMockProject-demo/JPetStore/build/reports/tests/org/mybatis/jpetstore/ScreenTransitionIT/testSidebarContentOnTopPage/1752167001230.7.html
]]></system-err>
  </testcase>
  <testcase name="testViewCart" classname="org.mybatis.jpetstore.ScreenTransitionIT" time="3.457">
    <failure message="&#10;expected: &quot;JPetStore Demo&quot;&#10; but was: &quot;Sign in - Jenkins&quot;" type="org.opentest4j.AssertionFailedError"><![CDATA[org.opentest4j.AssertionFailedError: 

expected: "JPetStore Demo"
 but was: "Sign in - Jenkins"
	at java.base/jdk.internal.reflect.NativeConstructorAccessorImpl.newInstance0(Native Method)
	at java.base/jdk.internal.reflect.NativeConstructorAccessorImpl.newInstance(NativeConstructorAccessorImpl.java:77)
	at java.base/jdk.internal.reflect.DelegatingConstructorAccessorImpl.newInstance(DelegatingConstructorAccessorImpl.java:45)
	at java.base/java.lang.reflect.Constructor.newInstanceWithCaller(Constructor.java:500)
	at org.mybatis.jpetstore.ScreenTransitionIT.testViewCart(ScreenTransitionIT.java:276)
	at java.base/java.lang.reflect.Method.invoke(Method.java:569)
	at java.base/java.util.ArrayList.forEach(ArrayList.java:1511)
	at java.base/java.util.ArrayList.forEach(ArrayList.java:1511)
]]></failure>
    <system-err><![CDATA[[main] INFO com.codeborne.selenide.junit5.ScreenShooterExtension - Screenshot: file:/home/pc/MockProject-demo/BVMockProject-demo/JPetStore/build/reports/tests/org/mybatis/jpetstore/ScreenTransitionIT/testViewCart/1752167004683.8.png
Page source: file:/home/pc/MockProject-demo/BVMockProject-demo/JPetStore/build/reports/tests/org/mybatis/jpetstore/ScreenTransitionIT/testViewCart/1752167004683.8.html
]]></system-err>
  </testcase>
  <testcase name="testViewHelp" classname="org.mybatis.jpetstore.ScreenTransitionIT" time="3.466">
    <failure message="&#10;expected: &quot;JPetStore Demo&quot;&#10; but was: &quot;Sign in - Jenkins&quot;" type="org.opentest4j.AssertionFailedError"><![CDATA[org.opentest4j.AssertionFailedError: 

expected: "JPetStore Demo"
 but was: "Sign in - Jenkins"
	at java.base/jdk.internal.reflect.NativeConstructorAccessorImpl.newInstance0(Native Method)
	at java.base/jdk.internal.reflect.NativeConstructorAccessorImpl.newInstance(NativeConstructorAccessorImpl.java:77)
	at java.base/jdk.internal.reflect.DelegatingConstructorAccessorImpl.newInstance(DelegatingConstructorAccessorImpl.java:45)
	at java.base/java.lang.reflect.Constructor.newInstanceWithCaller(Constructor.java:500)
	at org.mybatis.jpetstore.ScreenTransitionIT.testViewHelp(ScreenTransitionIT.java:293)
	at java.base/java.lang.reflect.Method.invoke(Method.java:569)
	at java.base/java.util.ArrayList.forEach(ArrayList.java:1511)
	at java.base/java.util.ArrayList.forEach(ArrayList.java:1511)
]]></failure>
    <system-err><![CDATA[[main] INFO com.codeborne.selenide.junit5.ScreenShooterExtension - Screenshot: file:/home/pc/MockProject-demo/BVMockProject-demo/JPetStore/build/reports/tests/org/mybatis/jpetstore/ScreenTransitionIT/testViewHelp/1752167008139.9.png
Page source: file:/home/pc/MockProject-demo/BVMockProject-demo/JPetStore/build/reports/tests/org/mybatis/jpetstore/ScreenTransitionIT/testViewHelp/1752167008139.9.html
]]></system-err>
  </testcase>
</testsuite>